c:\users\totim\onedrive\dokument\git stuff\howtosail\fysik\fysik\x64\debug\vc141.pdb
c:\users\totim\onedrive\dokument\git stuff\howtosail\fysik\fysik\x64\debug\vc141.idb
c:\users\totim\onedrive\dokument\git stuff\howtosail\fysik\fysik\x64\debug\vec.obj
c:\users\totim\onedrive\dokument\git stuff\howtosail\fysik\fysik\x64\debug\sailmain.obj
c:\users\totim\onedrive\dokument\git stuff\howtosail\fysik\fysik\x64\debug\sail.obj
c:\users\totim\onedrive\dokument\git stuff\howtosail\fysik\fysik\x64\debug\physicalobject.obj
c:\users\totim\onedrive\dokument\git stuff\howtosail\fysik\fysik\x64\debug\main.obj
c:\users\totim\onedrive\dokument\git stuff\howtosail\fysik\fysik\x64\debug\jib.obj
c:\users\totim\onedrive\dokument\git stuff\howtosail\fysik\fysik\x64\debug\boat.obj
c:\users\totim\onedrive\dokument\git stuff\fysik\fysik\fysik\x64\debug\vc141.pdb
c:\users\totim\onedrive\dokument\git stuff\fysik\fysik\fysik\x64\debug\vc141.idb
c:\users\totim\onedrive\dokument\git stuff\fysik\fysik\fysik\x64\debug\vec.obj
c:\users\totim\onedrive\dokument\git stuff\fysik\fysik\fysik\x64\debug\sailmain.obj
c:\users\totim\onedrive\dokument\git stuff\fysik\fysik\fysik\x64\debug\sail.obj
c:\users\totim\onedrive\dokument\git stuff\fysik\fysik\fysik\x64\debug\physicalobject.obj
c:\users\totim\onedrive\dokument\git stuff\fysik\fysik\fysik\x64\debug\main.obj
c:\users\totim\onedrive\dokument\git stuff\fysik\fysik\fysik\x64\debug\jib.obj
c:\users\totim\onedrive\dokument\git stuff\fysik\fysik\fysik\x64\debug\boat.obj
c:\users\totim\onedrive\dokument\git stuff\howtosail\fysik\x64\debug\fysik.exe
c:\users\totim\onedrive\dokument\git stuff\howtosail\fysik\x64\debug\fysik.ilk
c:\users\totim\onedrive\dokument\git stuff\howtosail\fysik\x64\debug\fysik.pdb
c:\users\totim\onedrive\dokument\git stuff\fysik\fysik\x64\debug\fysik.exe
c:\users\totim\onedrive\dokument\git stuff\fysik\fysik\x64\debug\fysik.ilk
c:\users\totim\onedrive\dokument\git stuff\fysik\fysik\x64\debug\fysik.pdb
c:\users\totim\onedrive\dokument\git stuff\fysik\fysik\fysik\x64\debug\fysik.tlog\cl.command.1.tlog
c:\users\totim\onedrive\dokument\git stuff\fysik\fysik\fysik\x64\debug\fysik.tlog\cl.read.1.tlog
c:\users\totim\onedrive\dokument\git stuff\fysik\fysik\fysik\x64\debug\fysik.tlog\cl.write.1.tlog
c:\users\totim\onedrive\dokument\git stuff\fysik\fysik\fysik\x64\debug\fysik.tlog\link.command.1.tlog
c:\users\totim\onedrive\dokument\git stuff\fysik\fysik\fysik\x64\debug\fysik.tlog\link.read.1.tlog
c:\users\totim\onedrive\dokument\git stuff\fysik\fysik\fysik\x64\debug\fysik.tlog\link.write.1.tlog
